[1208/150947:ERROR:renderer_main.cc(207)] Running without renderer sandbox
[1208/150948:INFO:CONSOLE(459)] "Spaces plugin version: %d.%d.%d", source: file:///C:/Users/Tut/Desktop/PROGRAMS/Photoshop/Adobe%20Photoshop%20CC%202015/Required/Plug-Ins/Spaces//www/src/js/main.js (459)
[1208/150949:INFO:CONSOLE(459)] "Startup complete: %dms", source: file:///C:/Users/Tut/Desktop/PROGRAMS/Photoshop/Adobe%20Photoshop%20CC%202015/Required/Plug-Ins/Spaces//www/src/js/main.js (459)
[1208/151206:WARNING:message_in_transit_queue.cc(18)] Destroying nonempty message queue
[1208/151254:ERROR:renderer_main.cc(207)] Running without renderer sandbox
[1208/151255:INFO:CONSOLE(459)] "Spaces plugin version: %d.%d.%d", source: file:///C:/Users/Tut/Desktop/PROGRAMS/Photoshop/Adobe%20Photoshop%20CC%202015/Required/Plug-Ins/Spaces//www/src/js/main.js (459)
[1208/151256:INFO:CONSOLE(459)] "Startup complete: %dms", source: file:///C:/Users/Tut/Desktop/PROGRAMS/Photoshop/Adobe%20Photoshop%20CC%202015/Required/Plug-Ins/Spaces//www/src/js/main.js (459)
[1208/151303:WARNING:message_in_transit_queue.cc(18)] Destroying nonempty message queue
[1208/151321:ERROR:renderer_main.cc(207)] Running without renderer sandbox
[1208/151322:INFO:CONSOLE(459)] "Spaces plugin version: %d.%d.%d", source: file:///C:/Users/Tut/Desktop/PROGRAMS/Photoshop/Adobe%20Photoshop%20CC%202015/Required/Plug-Ins/Spaces//www/src/js/main.js (459)
[1208/151323:INFO:CONSOLE(459)] "Startup complete: %dms", source: file:///C:/Users/Tut/Desktop/PROGRAMS/Photoshop/Adobe%20Photoshop%20CC%202015/Required/Plug-Ins/Spaces//www/src/js/main.js (459)
[1208/151456:WARNING:message_in_transit_queue.cc(18)] Destroying nonempty message queue
[1208/151500:ERROR:renderer_main.cc(207)] Running without renderer sandbox
[1208/151501:INFO:CONSOLE(459)] "Spaces plugin version: %d.%d.%d", source: file:///C:/Users/Tut/Desktop/PROGRAMS/Photoshop/Adobe%20Photoshop%20CC%202015/Required/Plug-Ins/Spaces//www/src/js/main.js (459)
[1208/151502:INFO:CONSOLE(459)] "Startup complete: %dms", source: file:///C:/Users/Tut/Desktop/PROGRAMS/Photoshop/Adobe%20Photoshop%20CC%202015/Required/Plug-Ins/Spaces//www/src/js/main.js (459)
[1208/153913:WARNING:message_in_transit_queue.cc(18)] Destroying nonempty message queue
[1208/203303:WARNING:dns_config_service_win.cc(654)] Failed to read DnsConfig.
[1208/203308:WARNING:dns_config_service_win.cc(654)] Failed to read DnsConfig.
[1208/203313:WARNING:dns_config_service_win.cc(654)] Failed to read DnsConfig.
[1208/203318:WARNING:dns_config_service_win.cc(654)] Failed to read DnsConfig.
[1208/203323:WARNING:dns_config_service_win.cc(654)] Failed to read DnsConfig.
[1208/203328:WARNING:dns_config_service_win.cc(654)] Failed to read DnsConfig.
[1208/203333:WARNING:dns_config_service_win.cc(654)] Failed to read DnsConfig.
[1208/203338:WARNING:dns_config_service_win.cc(654)] Failed to read DnsConfig.
[1208/203343:WARNING:dns_config_service_win.cc(654)] Failed to read DnsConfig.
[1208/203348:WARNING:dns_config_service_win.cc(654)] Failed to read DnsConfig.
[1208/203353:WARNING:dns_config_service_win.cc(654)] Failed to read DnsConfig.
[1208/203358:WARNING:dns_config_service_win.cc(654)] Failed to read DnsConfig.
[1208/203403:WARNING:dns_config_service_win.cc(654)] Failed to read DnsConfig.
[1208/203408:WARNING:dns_config_service_win.cc(654)] Failed to read DnsConfig.
[1208/203413:WARNING:dns_config_service_win.cc(654)] Failed to read DnsConfig.
[1208/203418:WARNING:dns_config_service_win.cc(654)] Failed to read DnsConfig.
[1208/203423:WARNING:dns_config_service_win.cc(654)] Failed to read DnsConfig.
[1208/203428:WARNING:dns_config_service_win.cc(654)] Failed to read DnsConfig.
[1208/203433:WARNING:dns_config_service_win.cc(654)] Failed to read DnsConfig.
[1208/203438:WARNING:dns_config_service_win.cc(654)] Failed to read DnsConfig.
[1208/203443:WARNING:dns_config_service_win.cc(654)] Failed to read DnsConfig.
[1208/203448:WARNING:dns_config_service_win.cc(654)] Failed to read DnsConfig.
